[    0.000000] Initializing cgroup subsys cpuset
[    0.000000] Initializing cgroup subsys cpu
[    0.000000] Initializing cgroup subsys cpuacct
[    0.000000] Linux version 4.4.0-134-generic (buildd@lgw01-amd64-033) (gcc version 5.4.0 20160609 (Ubuntu 5.4.0-6ubuntu1~16.04.10) ) #160-Ubuntu SMP Wed Aug 15 14:58:00 UTC 2018 (Ubuntu 4.4.0-134.160-generic 4.4.140)
[    0.000000] Command line: BOOT_IMAGE=/boot/vmlinuz-4.4.0-134-generic root=UUID=645cbf91-a115-4ed9-9a20-39d40d841b48 ro console=tty1 console=ttyS0
[    0.000000] KERNEL supported cpus:
[    0.000000]   Intel GenuineIntel
[    0.000000]   AMD AuthenticAMD
[    0.000000]   Centaur CentaurHauls
[    0.000000] x86/fpu: xstate_offset[2]:  576, xstate_sizes[2]:  256
[    0.000000] x86/fpu: Supporting XSAVE feature 0x01: 'x87 floating point registers'
[    0.000000] x86/fpu: Supporting XSAVE feature 0x02: 'SSE registers'
[    0.000000] x86/fpu: Supporting XSAVE feature 0x04: 'AVX registers'
[    0.000000] x86/fpu: Enabled xstate features 0x7, context size is 832 bytes, using 'standard' format.
[    0.000000] e820: BIOS-provided physical RAM map:
[    0.000000] BIOS-e820: [mem 0x0000000000000000-0x000000000009fbff] usable
[    0.000000] BIOS-e820: [mem 0x000000000009fc00-0x000000000009ffff] reserved
[    0.000000] BIOS-e820: [mem 0x00000000000f0000-0x00000000000fffff] reserved
[    0.000000] BIOS-e820: [mem 0x0000000000100000-0x000000007ffeffff] usable
[    0.000000] BIOS-e820: [mem 0x000000007fff0000-0x000000007fffffff] ACPI data
[    0.000000] BIOS-e820: [mem 0x00000000fec00000-0x00000000fec00fff] reserved
[    0.000000] BIOS-e820: [mem 0x00000000fee00000-0x00000000fee00fff] reserved
[    0.000000] BIOS-e820: [mem 0x00000000fffc0000-0x00000000ffffffff] reserved
[    0.000000] NX (Execute Disable) protection: active
[    0.000000] SMBIOS 2.5 present.
[    0.000000] Hypervisor detected: KVM
[    0.000000] e820: last_pfn = 0x7fff0 max_arch_pfn = 0x400000000
[    0.000000] MTRR: Disabled
[    0.000000] x86/PAT: MTRRs disabled, skipping PAT initialization too.
[    0.000000] CPU MTRRs all blank - virtualized system.
[    0.000000] x86/PAT: Configuration [0-7]: WB  WT  UC- UC  WB  WT  UC- UC  
[    0.000000] found SMP MP-table at [mem 0x0009fff0-0x0009ffff] mapped at [ffff88000009fff0]
[    0.000000] Scanning 1 areas for low memory corruption
[    0.000000] RAMDISK: [mem 0x36208000-0x370fbfff]
[    0.000000] ACPI: Early table checksum verification disabled
[    0.000000] ACPI: RSDP 0x00000000000E0000 000024 (v02 VBOX  )
[    0.000000] ACPI: XSDT 0x000000007FFF0030 00003C (v01 VBOX   VBOXXSDT 00000001 ASL  00000061)
[    0.000000] ACPI: FACP 0x000000007FFF00F0 0000F4 (v04 VBOX   VBOXFACP 00000001 ASL  00000061)
[    0.000000] ACPI: DSDT 0x000000007FFF0470 0021C8 (v02 VBOX   VBOXBIOS 00000002 INTL 20100528)
[    0.000000] ACPI: FACS 0x000000007FFF0200 000040
[    0.000000] ACPI: FACS 0x000000007FFF0200 000040
[    0.000000] ACPI: APIC 0x000000007FFF0240 00005C (v02 VBOX   VBOXAPIC 00000001 ASL  00000061)
[    0.000000] ACPI: SSDT 0x000000007FFF02A0 0001CC (v01 VBOX   VBOXCPUT 00000002 INTL 20100528)
[    0.000000] No NUMA configuration found
[    0.000000] Faking a node at [mem 0x0000000000000000-0x000000007ffeffff]
[    0.000000] NODE_DATA(0) allocated [mem 0x7ffeb000-0x7ffeffff]
[    0.000000] kvm-clock: Using msrs 4b564d01 and 4b564d00
[    0.000000] kvm-clock: cpu 0, msr 0:7ffe3001, primary cpu clock
[    0.000000] kvm-clock: using sched offset of 3730871320 cycles
[    0.000000] clocksource: kvm-clock: mask: 0xffffffffffffffff max_cycles: 0x1cd42e4dffb, max_idle_ns: 881590591483 ns
[    0.000000] Zone ranges:
[    0.000000]   DMA      [mem 0x0000000000001000-0x0000000000ffffff]
[    0.000000]   DMA32    [mem 0x0000000001000000-0x000000007ffeffff]
[    0.000000]   Normal   empty
[    0.000000]   Device   empty
[    0.000000] Movable zone start for each node
[    0.000000] Early memory node ranges
[    0.000000]   node   0: [mem 0x0000000000001000-0x000000000009efff]
[    0.000000]   node   0: [mem 0x0000000000100000-0x000000007ffeffff]
[    0.000000] Initmem setup node 0 [mem 0x0000000000001000-0x000000007ffeffff]
[    0.000000] ACPI: PM-Timer IO Port: 0x4008
[    0.000000] IOAPIC[0]: apic_id 2, version 32, address 0xfec00000, GSI 0-23
[    0.000000] ACPI: INT_SRC_OVR (bus 0 bus_irq 0 global_irq 2 dfl dfl)
[    0.000000] ACPI: INT_SRC_OVR (bus 0 bus_irq 9 global_irq 9 high level)
[    0.000000] Using ACPI (MADT) for SMP configuration information
[    0.000000] smpboot: Allowing 2 CPUs, 0 hotplug CPUs
[    0.000000] PM: Registered nosave memory: [mem 0x00000000-0x00000fff]
[    0.000000] PM: Registered nosave memory: [mem 0x0009f000-0x0009ffff]
[    0.000000] PM: Registered nosave memory: [mem 0x000a0000-0x000effff]
[    0.000000] PM: Registered nosave memory: [mem 0x000f0000-0x000fffff]
[    0.000000] e820: [mem 0x80000000-0xfebfffff] available for PCI devices
[    0.000000] Booting paravirtualized kernel on KVM
[    0.000000] clocksource: refined-jiffies: mask: 0xffffffff max_cycles: 0xffffffff, max_idle_ns: 7645519600211568 ns
[    0.000000] setup_percpu: NR_CPUS:512 nr_cpumask_bits:512 nr_cpu_ids:2 nr_node_ids:1
[    0.000000] PERCPU: Embedded 34 pages/cpu @ffff88007fc00000 s99544 r8192 d31528 u1048576
[    0.000000] PV qspinlock hash table entries: 256 (order: 0, 4096 bytes)
[    0.000000] Built 1 zonelists in Node order, mobility grouping on.  Total pages: 515960
[    0.000000] Policy zone: DMA32
[    0.000000] Kernel command line: BOOT_IMAGE=/boot/vmlinuz-4.4.0-134-generic root=UUID=645cbf91-a115-4ed9-9a20-39d40d841b48 ro console=tty1 console=ttyS0
[    0.000000] PID hash table entries: 4096 (order: 3, 32768 bytes)
[    0.000000] Memory: 2029396K/2096696K available (8554K kernel code, 1314K rwdata, 4004K rodata, 1516K init, 1316K bss, 67300K reserved, 0K cma-reserved)
[    0.000000] SLUB: HWalign=64, Order=0-3, MinObjects=0, CPUs=2, Nodes=1
[    0.000000] Kernel/User page tables isolation: enabled
[    0.000000] Hierarchical RCU implementation.
[    0.000000] 	Build-time adjustment of leaf fanout to 64.
[    0.000000] 	RCU restricting CPUs from NR_CPUS=512 to nr_cpu_ids=2.
[    0.000000] RCU: Adjusting geometry for rcu_fanout_leaf=64, nr_cpu_ids=2
[    0.000000] NR_IRQS:33024 nr_irqs:440 16
[    0.000000] Console: colour VGA+ 80x25
[    0.000000] console [tty1] enabled
[    0.000000] console [ttyS0] enabled
[    0.000000] tsc: Detected 3312.000 MHz processor
[    5.513752] Calibrating delay loop (skipped) preset value.. 6624.00 BogoMIPS (lpj=13248000)
[    5.517266] pid_max: default: 32768 minimum: 301
[    5.547339] ACPI: Core revision 20150930
[    5.573101] ACPI: 2 ACPI AML tables successfully acqured and loaded
[    5.639588] Security Framework initialized
[    5.648022] Yama: becoming mindful.
[    5.649105] AppArmor: AppArmor initialized
[    5.654336] Dentry cache hash table entries: 262144 (order: 9, 2097152 bytes)
[    5.685528] Inode-cache hash table entries: 131072 (order: 8, 1048576 bytes)
[    5.707508] Mount-cache hash table entries: 4096 (order: 3, 32768 bytes)
[    5.725222] Mountpoint-cache hash table entries: 4096 (order: 3, 32768 bytes)
[    5.732888] Initializing cgroup subsys io
[    5.766410] Initializing cgroup subsys memory
[    5.815222] Initializing cgroup subsys devices
[    5.867383] Initializing cgroup subsys freezer
[    5.912072] Initializing cgroup subsys net_cls
[    5.952996] Initializing cgroup subsys perf_event
[    5.954415] Initializing cgroup subsys net_prio
[    6.041500] Initializing cgroup subsys hugetlb
[    6.123456] Initializing cgroup subsys pids
[    6.206859] mce: CPU supports 0 MCE banks
[    6.286520] Last level iTLB entries: 4KB 64, 2MB 8, 4MB 8
[    6.402928] Last level dTLB entries: 4KB 64, 2MB 0, 4MB 0, 1GB 4
[    6.413429] Spectre V2 : Mitigation: Full generic retpoline
[    6.529231] Spectre V2 : Speculation control IBPB not-supported IBRS not-supported
[    6.625535] Spectre V2 : Filling RSB on context switch
[    6.727534] Speculative Store Bypass: Vulnerable
[    6.819836] Freeing SMP alternatives memory: 32K
[    6.934591] ftrace: allocating 32266 entries in 127 pages
[    7.066765] smpboot: APIC(0) Converting physical 0 to logical package 0
[    7.162556] smpboot: Max logical packages: 1
[    7.229064] x2apic enabled
[    7.282876] Switched APIC routing to physical x2apic.
[    7.360102] ..TIMER: vector=0x30 apic1=0 pin1=2 apic2=-1 pin2=-1
[    7.531296] smpboot: CPU0: Intel(R) Core(TM) i7-6567U CPU @ 3.30GHz (family: 0x6, model: 0x4e, stepping: 0x3)
[    7.575723] Performance Events: unsupported p6 CPU model 78 no PMU driver, software events only.
[    7.635726] KVM setup paravirtual spinlock
[    7.650835] x86: Booting SMP configuration:
[    7.673322] .... node  #0, CPUs:      #1
[    7.684967] kvm-clock: cpu 1, msr 0:7ffe3041, secondary cpu clock
[    7.723864] mce: CPU supports 0 MCE banks
[    7.737262] x86: Booted up 1 node, 2 CPUs
[    7.778654] smpboot: Total of 2 processors activated (13248.00 BogoMIPS)
[    7.830043] devtmpfs: initialized
[    7.858832] evm: security.selinux
[    7.863338] evm: security.SMACK64
[    7.865133] evm: security.SMACK64EXEC
[    7.867692] evm: security.SMACK64TRANSMUTE
[    7.902800] evm: security.SMACK64MMAP
[    7.929674] evm: security.ima
[    7.963889] evm: security.capability
[    7.972324] clocksource: jiffies: mask: 0xffffffff max_cycles: 0xffffffff, max_idle_ns: 7645041785100000 ns
[    8.020009] futex hash table entries: 512 (order: 3, 32768 bytes)
[    8.110544] pinctrl core: initialized pinctrl subsystem
[    8.145434] RTC time: 20:48:53, date: 09/09/18
[    8.189493] NET: Registered protocol family 16
[    8.223984] cpuidle: using governor ladder
[    8.244159] cpuidle: using governor menu
[    8.298290] PCCT header not found.
[    8.351336] ACPI: bus type PCI registered
[    8.390394] acpiphp: ACPI Hot Plug PCI Controller Driver version: 0.5
[    8.456937] PCI: Using configuration type 1 for base access
[    8.489536] ACPI: Added _OSI(Module Device)
[    8.549062] ACPI: Added _OSI(Processor Device)
[    8.622685] ACPI: Added _OSI(3.0 _SCP Extensions)
[    8.715988] ACPI: Added _OSI(Processor Aggregator Device)
[    8.757031] ACPI: Executed 1 blocks of module-level executable AML code
[    8.825261] ACPI: Interpreter enabled
[    8.842109] ACPI: (supports S0 S5)
[    8.875556] ACPI: Using IOAPIC for interrupt routing
[    8.927862] PCI: Using host bridge windows from ACPI; if necessary, use "pci=nocrs" and report a bug
[    9.052080] ACPI: PCI Root Bridge [PCI0] (domain 0000 [bus 00-ff])
[    9.147901] acpi PNP0A03:00: _OSC: OS supports [ASPM ClockPM Segments MSI]
[    9.262599] acpi PNP0A03:00: _OSC failed (AE_NOT_FOUND); disabling ASPM
[    9.359887] acpi PNP0A03:00: fail to add MMCONFIG information, can't access extended PCI configuration space under this bridge.
[    9.506308] PCI host bridge to bus 0000:00
[    9.580823] pci_bus 0000:00: root bus resource [io  0x0000-0x0cf7 window]
[    9.671921] pci_bus 0000:00: root bus resource [io  0x0d00-0xffff window]
[    9.777757] pci_bus 0000:00: root bus resource [mem 0x000a0000-0x000bffff window]
[    9.873299] pci_bus 0000:00: root bus resource [mem 0x80000000-0xffdfffff window]
[    9.904076] pci_bus 0000:00: root bus resource [bus 00-ff]
[    9.955798] pci 0000:00:01.1: legacy IDE quirk: reg 0x10: [io  0x01f0-0x01f7]
[   10.036047] pci 0000:00:01.1: legacy IDE quirk: reg 0x14: [io  0x03f6]
[   10.117222] pci 0000:00:01.1: legacy IDE quirk: reg 0x18: [io  0x0170-0x0177]
[   10.173444] pci 0000:00:01.1: legacy IDE quirk: reg 0x1c: [io  0x0376]
[   10.232406] pci 0000:00:07.0: quirk: [io  0x4000-0x403f] claimed by PIIX4 ACPI
[   10.337422] pci 0000:00:07.0: quirk: [io  0x4100-0x410f] claimed by PIIX4 SMB
[   10.423850] ACPI: PCI Interrupt Link [LNKA] (IRQs 5 9 10 *11)
[   10.464754] ACPI: PCI Interrupt Link [LNKB] (IRQs 5 9 10 *11)
[   10.479399] ACPI: PCI Interrupt Link [LNKC] (IRQs 5 9 *10 11)
[   10.511833] ACPI: PCI Interrupt Link [LNKD] (IRQs 5 *9 10 11)
[   10.568152] ACPI: Enabled 2 GPEs in block 00 to 07
[   10.611247] vgaarb: setting as boot device: PCI:0000:00:02.0
[   10.644856] vgaarb: device added: PCI:0000:00:02.0,decodes=io+mem,owns=io+mem,locks=none
[   10.647363] vgaarb: loaded
[   10.678563] vgaarb: bridge control possible 0000:00:02.0
[   10.695123] SCSI subsystem initialized
[   10.759027] ACPI: bus type USB registered
[   10.791212] usbcore: registered new interface driver usbfs
[   10.800730] usbcore: registered new interface driver hub
[   10.824009] usbcore: registered new device driver usb
[   10.867065] PCI: Using ACPI for IRQ routing
[   10.893656] NetLabel: Initializing
[   10.927685] NetLabel:  domain hash size = 128
[   10.985030] NetLabel:  protocols = UNLABELED CIPSOv4
[   11.020229] NetLabel:  unlabeled traffic allowed by default
[   11.151300] amd_nb: Cannot enumerate AMD northbridges
[   11.192100] clocksource: Switched to clocksource kvm-clock
[   11.275186] AppArmor: AppArmor Filesystem Enabled
[   11.305176] pnp: PnP ACPI init
[   11.335619] pnp: PnP ACPI: found 3 devices
[   11.424587] clocksource: acpi_pm: mask: 0xffffff max_cycles: 0xffffff, max_idle_ns: 2085701024 ns
[   11.483515] NET: Registered protocol family 2
[   11.486383] TCP established hash table entries: 16384 (order: 5, 131072 bytes)
[   11.577548] TCP bind hash table entries: 16384 (order: 6, 262144 bytes)
[   11.650368] TCP: Hash tables configured (established 16384 bind 16384)
[   11.721102] UDP hash table entries: 1024 (order: 3, 32768 bytes)
[   11.781487] UDP-Lite hash table entries: 1024 (order: 3, 32768 bytes)
[   11.813049] NET: Registered protocol family 1
[   11.814555] pci 0000:00:00.0: Limiting direct PCI/PCI transfers
[   11.830816] pci 0000:00:01.0: Activating ISA DMA hang workarounds
[   11.844021] Unpacking initramfs...
[   12.202305] Freeing initrd memory: 15312K
[   12.222446] platform rtc_cmos: registered platform RTC device (no PNP device found)
[   12.238654] Scanning for low memory corruption every 60 seconds
[   12.250918] audit: initializing netlink subsys (disabled)
[   12.272874] audit: type=2000 audit(1536526132.683:1): initialized
[   12.294964] Initialise system trusted keyring
[   12.333415] HugeTLB registered 2 MB page size, pre-allocated 0 pages
[   12.360954] zbud: loaded
[   12.369322] VFS: Disk quotas dquot_6.6.0
[   12.372114] VFS: Dquot-cache hash table entries: 512 (order 0, 4096 bytes)
[   12.377964] squashfs: version 4.0 (2009/01/31) Phillip Lougher
[   12.381780] fuse init (API version 7.23)
[   12.383489] Key type big_key registered
[   12.384889] Allocating IMA MOK and blacklist keyrings.
[   12.395137] Key type asymmetric registered
[   12.399212] Asymmetric key parser 'x509' registered
[   12.410900] Block layer SCSI generic (bsg) driver version 0.4 loaded (major 249)
[   12.425430] io scheduler noop registered
[   12.430111] io scheduler deadline registered (default)
[   12.438989] io scheduler cfq registered
[   12.446468] pci_hotplug: PCI Hot Plug PCI Core version: 0.5
[   12.453710] pciehp: PCI Express Hot Plug Controller Driver version: 0.4
[   12.465707] ACPI: AC Adapter [AC] (on-line)
[   12.481757] input: Power Button as /devices/LNXSYSTM:00/LNXPWRBN:00/input/input0
[   12.523280] ACPI: Power Button [PWRF]
[   12.561474] input: Sleep Button as /devices/LNXSYSTM:00/LNXSLPBN:00/input/input1
[   12.564520] ACPI: Sleep Button [SLPF]
[   12.601749] ACPI: Battery Slot [BAT0] (battery present)
[   12.609001] GHES: HEST is not enabled!
[   12.688213] Serial: 8250/16550 driver, 32 ports, IRQ sharing enabled
[   12.737412] 00:02: ttyS0 at I/O 0x3f8 (irq = 4, base_baud = 115200) is a 16550A
[   12.820877] Linux agpgart interface v0.103
[   12.929218] loop: module loaded
[   12.934518] scsi host0: ata_piix
[   12.951037] scsi host1: ata_piix
[   12.953976] ata1: PATA max UDMA/33 cmd 0x1f0 ctl 0x3f6 bmdma 0xd000 irq 14
[   12.959555] ata2: PATA max UDMA/33 cmd 0x170 ctl 0x376 bmdma 0xd008 irq 15
[   13.006517] libphy: Fixed MDIO Bus: probed
[   13.010907] tun: Universal TUN/TAP device driver, 1.6
[   13.027353] tun: (C) 1999-2004 Max Krasnyansky <maxk@qualcomm.com>
[   13.056198] PPP generic driver version 2.4.2
[   13.070289] ehci_hcd: USB 2.0 'Enhanced' Host Controller (EHCI) Driver
[   13.134026] ehci-pci: EHCI PCI platform driver
[   13.146058] ehci-platform: EHCI generic platform driver
[   13.170930] ohci_hcd: USB 1.1 'Open' Host Controller (OHCI) Driver
[   13.179023] ohci-pci: OHCI PCI platform driver
[   13.187549] ohci-platform: OHCI generic platform driver
[   13.209619] uhci_hcd: USB Universal Host Controller Interface driver
[   13.220591] tsc: Refined TSC clocksource calibration: 3313.716 MHz
[   13.220594] clocksource: tsc: mask: 0xffffffffffffffff max_cycles: 0x2fc3e9b6617, max_idle_ns: 440795327269 ns
[   13.234796] i8042: PNP: PS/2 Controller [PNP0303:PS2K,PNP0f03:PS2M] at 0x60,0x64 irq 1,12
[   13.241503] serio: i8042 KBD port at 0x60,0x64 irq 1
[   13.341122] serio: i8042 AUX port at 0x60,0x64 irq 12
[   13.420660] mousedev: PS/2 mouse device common for all mice
[   13.486176] input: AT Translated Set 2 keyboard as /devices/platform/i8042/serio0/input/input2
[   13.518170] rtc_cmos rtc_cmos: rtc core: registered rtc_cmos as rtc0
[   13.540991] rtc_cmos rtc_cmos: alarms up to one day, 114 bytes nvram
[   13.630594] i2c /dev entries driver
[   13.633107] device-mapper: uevent: version 1.0.3
[   13.634300] device-mapper: ioctl: 4.34.0-ioctl (2015-10-28) initialised: dm-devel@redhat.com
[   13.673624] ledtrig-cpu: registered to indicate activity on CPUs
[   13.705242] NET: Registered protocol family 10
[   13.741230] NET: Registered protocol family 17
[   13.775183] Key type dns_resolver registered
[   13.776715] registered taskstats version 1
[   13.781560] Loading compiled-in X.509 certificates
[   13.820039] Loaded X.509 cert 'Build time autogenerated kernel key: 4eb3d024ac16f76c1747ffd474694c84db21038b'
[   13.834569] zswap: loaded using pool lzo/zbud
[   13.844510] Key type trusted registered
[   13.868398] Key type encrypted registered
[   13.901533] AppArmor: AppArmor sha1 policy hashing enabled
[   13.933710] ima: No TPM chip found, activating TPM-bypass!
[   13.984923] ima: Allocated hash algorithm: sha1
[   13.991895] evm: HMAC attrs: 0x1
[   14.049031]   Magic number: 2:604:851
[   14.111726]  index3: hash matches
[   14.156787]  index3: hash matches
[   14.222212] rtc_cmos rtc_cmos: setting system clock to 2018-09-09 20:48:59 UTC (1536526139)
[   14.348678] BIOS EDD facility v0.16 2004-Jun-25, 0 devices found
[   14.456668] EDD information not available.
[   14.529595] Freeing unused kernel memory: 1516K
[   14.596275] Write protecting the kernel read-only data: 14336k
[   14.670427] Freeing unused kernel memory: 1672K
[   14.734310] Freeing unused kernel memory: 92K
Loading, please [   14.834393] random: systemd-udevd: uninitialized urandom read (16 bytes read, 7 bits of entropy available)
wait...
startin[   14.834950] random: udevadm: uninitialized urandom read (16 bytes read, 7 bits of entropy available)
g version 229
[   14.834970] random: udevadm: uninitialized urandom read (16 bytes read, 7 bits of entropy available)
[   14.846350] random: udevadm: uninitialized urandom read (16 bytes read, 7 bits of entropy available)
[   14.846397] random: udevadm: uninitialized urandom read (16 bytes read, 7 bits of entropy available)
[   14.846553] random: udevadm: uninitialized urandom read (16 bytes read, 7 bits of entropy available)
[   14.846614] random: udevadm: uninitialized urandom read (16 bytes read, 7 bits of entropy available)
[   14.846672] random: udevadm: uninitialized urandom read (16 bytes read, 7 bits of entropy available)
[   14.846735] random: udevadm: uninitialized urandom read (16 bytes read, 7 bits of entropy available)
[   14.846792] random: udevadm: uninitialized urandom read (16 bytes read, 7 bits of entropy available)
[   15.673682] Fusion MPT base driver 3.04.20
[   15.681682] Copyright (c) 1999-2008 LSI Corporation
[   15.714939] e1000: Intel(R) PRO/1000 Network Driver - version 7.3.21-k8-NAPI
[   15.742437] e1000: Copyright (c) 1999-2006 Intel Corporation.
[   15.761193] AVX version of gcm_enc/dec engaged.
[   15.794526] AES CTR mode by8 optimization enabled
[   15.848387] Fusion MPT SPI Host driver 3.04.20
[   15.899421] input: ImExPS/2 Generic Explorer Mouse as /devices/platform/i8042/serio1/input/input4
[   16.249339] e1000 0000:00:03.0 eth0: (PCI:33MHz:32-bit) 02:83:83:b5:95:8f
[   16.351408] e1000 0000:00:03.0 eth0: Intel(R) PRO/1000 Network Connection
[   16.867390] e1000 0000:00:08.0 eth1: (PCI:33MHz:32-bit) 08:00:27:dc:90:8d
[   16.914497] e1000 0000:00:08.0 eth1: Intel(R) PRO/1000 Network Connection
[   16.964545] e1000 0000:00:03.0 enp0s3: renamed from eth0
[   17.000578] mptbase: ioc0: Initiating bringup
[   17.084515] e1000 0000:00:08.0 enp0s8: renamed from eth1
[   17.232678] ioc0: LSI53C1030 A0: Capabilities={Initiator}
[   17.428288] scsi host2: ioc0: LSI53C1030 A0, FwRev=00000000h, Ports=1, MaxQ=256, IRQ=20
[   17.597205] scsi 2:0:0:0: Direct-Access     VBOX     HARDDISK         1.0  PQ: 0 ANSI: 5
[   17.756949] scsi target2:0:0: Beginning Domain Validation
[   17.808568] scsi target2:0:0: Domain Validation skipping write tests
[   17.862147] scsi target2:0:0: Ending Domain Validation
[   17.919320] scsi target2:0:0: asynchronous
[   17.959954] scsi 2:0:1:0: Direct-Access     VBOX     HARDDISK         1.0  PQ: 0 ANSI: 5
[   18.067060] scsi target2:0:1: Beginning Domain Validation
[   18.102638] scsi target2:0:1: Domain Validation skipping write tests
[   18.118342] scsi target2:0:1: Ending Domain Validation
[   18.148099] scsi target2:0:1: asynchronous
[   18.161881] sd 2:0:0:0: [sda] 20971520 512-byte logical blocks: (10.7 GB/10.0 GiB)
[   18.162035] sd 2:0:0:0: Attached scsi generic sg0 type 0
[   18.283527] sd 2:0:1:0: Attached scsi generic sg1 type 0
[   18.448504] sd 2:0:1:0: [sdb] 20480 512-byte logical blocks: (10.5 MB/10.0 MiB)
[   18.448581] sd 2:0:0:0: [sda] Write Protect is off
[   18.448801] sd 2:0:0:0: [sda] Incomplete mode parameter data
[   18.448802] sd 2:0:0:0: [sda] Assuming drive cache: write through
[   18.574934]  sda: sda1
[   18.575805] sd 2:0:0:0: [sda] Attached SCSI disk
[   18.777095] sd 2:0:1:0: [sdb] Write Protect is off
[   18.793462] sd 2:0:1:0: [sdb] Incomplete mode parameter data
[   18.814200] sd 2:0:1:0: [sdb] Assuming drive cache: write through
[   18.841599] sd 2:0:1:0: [sdb] Attached SCSI disk
Begin: Loading e[   20.241549] md: linear personality registered for level -1
ssential drivers ... [   20.296375] md: multipath personality registered for level -4
[   20.355861] md: raid0 personality registered for level 0
[   20.409276] md: raid1 personality registered for level 1
[   20.504177] raid6: sse2x1   gen()  6197 MB/s
[   20.588457] raid6: sse2x1   xor()  4750 MB/s
[   20.712535] raid6: sse2x2   gen()  7993 MB/s
[   20.836299] raid6: sse2x2   xor()  5735 MB/s
[   20.924274] raid6: sse2x4   gen() 10279 MB/s
[   21.040939] raid6: sse2x4   xor()  7076 MB/s
[   21.083732] raid6: using algorithm sse2x4 gen() 10279 MB/s
[   21.114270] raid6: .... xor() 7076 MB/s, rmw enabled
[   21.137744] raid6: using ssse3x2 recovery algorithm
[   21.150615] xor: automatically using best checksumming function:
[   21.244747]    avx       : 23858.000 MB/sec
[   21.249465] async_tx: api initialized (async)
[   21.268627] md: raid6 personality registered for level 6
[   21.279695] md: raid5 personality registered for level 5
[   21.282650] md: raid4 personality registered for level 4
[   21.297588] md: raid10 personality registered for level 10
done.
Begin: Running /scripts/init-premount ... done.
Begin: Mounting root file system ... Begin: Running /scripts/lo[   21.378933] Btrfs loaded
cal-top ... done.
Begin: Running /scripts/local-premount ... Scanning for Btrfs filesystems
done.
Warning: fsck no[   21.447267] EXT4-fs (sda1): mounted filesystem with ordered data mode. Opts: (null)
t present, so skipping root file system
done.
Begin: Running /scripts/local-bottom ... done.
Begin: Running /scripts/init-bottom ... done.
[   21.658756] systemd[1]: systemd 229 running in system mode. (+PAM +AUDIT +SELINUX +IMA +APPARMOR +SMACK +SYSVINIT +UTMP +LIBCRYPTSETUP +GCRYPT +GNUTLS +ACL +XZ -LZ4 +SECCOMP +BLKID +ELFUTILS +KMOD -IDN)
[   21.832321] systemd[1]: Detected virtualization oracle.
[   21.833799] systemd[1]: Detected architecture x86-64.

Welcome to [1mUbuntu 16.04.2 LTS[0m!

[   21.898047] systemd[1]: Set hostname to <ubuntu-xenial>.
[   22.135008] systemd[1]: Listening on Journal Socket (/dev/log).
[[0;32m  OK  [0m] Listening on Journal Socket (/dev/log).
[   22.297150] systemd[1]: Listening on LVM2 metadata daemon socket.
[[0;32m  OK  [0m] Listening on LVM2 metadata daemon socket.
[   22.480952] systemd[1]: Listening on Device-mapper event daemon FIFOs.
[[0;32m  OK  [0m] Listening on Device-mapper event daemon FIFOs.
[   22.619939] systemd[1]: Reached target Swap.
[[0;32m  OK  [0m] Reached target Swap.
[   22.724651] systemd[1]: Listening on Syslog Socket.
[[0;32m  OK  [0m] Listening on Syslog Socket.
[   22.892576] systemd[1]: Listening on Journal Audit Socket.
[[0;32m  OK  [0m] Listening on Journal Audit Socket.
[   23.076815] systemd[1]: Reached target Encrypted Volumes.
[[0;32m  OK  [0m] Reached target Encrypted Volumes.
[   23.181287] systemd[1]: Started Trigger resolvconf update for networkd DNS.
[[0;32m  OK  [0m] Started Trigger resolvconf update for networkd DNS.
[   23.377022] systemd[1]: Listening on udev Control Socket.
[[0;32m  OK  [0m] Listening on udev Control Socket.
[   23.476883] systemd[1]: Reached target User and Group Name Lookups.
[[0;32m  OK  [0m] Reached target User and Group Name Lookups.
[   23.551068] systemd[1]: Listening on udev Kernel Socket.
[[0;32m  OK  [0m] Listening on udev Kernel Socket.
[   23.645812] systemd[1]: Created slice User and Session Slice.
[[0;32m  OK  [0m] Created slice User and Session Slice.
[   23.753371] systemd[1]: Listening on Journal Socket.
[[0;32m  OK  [0m] Listening on Journal Socket.
[   23.873188] systemd[1]: Listening on /dev/initctl Compatibility Named Pipe.
[[   23.956044] random: nonblocking pool is initialized
[0;32m  OK  [0m] Listening on /dev/initctl Compatibility Named Pipe.
[   24.065486] systemd[1]: Set up automount Arbitrary Executable File Formats File System Automount Point.
[[0;32m  OK  [0m] Set up automount Arbitrary Executab...ats File System Automount Point.
[   24.193775] systemd[1]: Started Forward Password Requests to Wall Directory Watch.
[[0;32m  OK  [0m] Started Forward Password Requests to Wall Directory Watch.
[   24.265657] systemd[1]: Listening on LVM2 poll daemon socket.
[[0;32m  OK  [0m] Listening on LVM2 poll daemon socket.
[   24.377315] systemd[1]: Created slice System Slice.
[[0;32m  OK  [0m] Created slice System Slice.
[   24.501294] systemd[1]: Starting Monitoring of LVM2 mirrors, snapshots etc. using dmeventd or progress polling...
         Starting Monitoring of LVM2 mirrors... dmeventd or progress polling...
[   24.664577] systemd[1]: Starting Create list of required static device nodes for the current kernel...
         Starting Create list of required st... nodes for the current kernel...
[   24.868366] systemd[1]: Mounting Huge Pages File System...
         Mounting Huge Pages File System...
[   24.948651] systemd[1]: Starting Remount Root and Kernel File Systems...
         [   25.007427] EXT4-fs (sda1): re-mounted. Opts: (null)
Starting Remount Root and Kernel File Systems...
[   25.100673] systemd[1]: Mounting POSIX Message Queue File System...
         Mounting POSIX Message Queue File System...
[   25.204890] systemd[1]: Starting Set console keymap...
         Starting Set console keymap...
[   25.264487] systemd[1]: Starting Nameserver information manager...
         Starting Nameserver information manager...
[   25.333236] systemd[1]: Starting Journal Service...
         Starting Journal Service...
[   25.393063] systemd[1]: Created slice system-serial\x2dgetty.slice.
[[0;32m  OK  [0m] Created slice system-serial\x2dgetty.slice.
[   25.508725] systemd[1]: Reached target Slices.
[[0;32m  OK  [0m] Reached target Slices.
[   25.640760] systemd[1]: Starting Uncomplicated firewall...
         Starting Uncomplicated firewall...
[   25.712377] systemd[1]: Mounting Debug File System...
         Mounting Debug File System...
[   25.857509] systemd[1]: Starting Load Kernel Modules...
         Starting Load Ke[   25.969069] Loading iSCSI transport class v2.0-870.
rnel Modules...[   26.019845] iscsi: registered transport (tcp)

[   26.062571] systemd[1]: Mounted POSIX Message Queue File System.
[[0;32m  OK  [0m] Mounted POSIX[   26.161764] iscsi: registered transport (iser)
 Message Queue File System.
[   26.245100] systemd[1]: Mounted Huge Pages File System.
[[0;32m  OK  [0m] Mounted Huge Pages File System.
[   26.304872] systemd[1]: Mounted Debug File System.
[[0;32m  OK  [0m] Mounted Debug File System.
[   26.356777] systemd[1]: Started Journal Service.
[[0;32m  OK  [0m] Started Journal Service.
[[0;32m  OK  [0m] Started Create list of required sta...ce nodes for the current kernel.
[[0;32m  OK  [0m] Started Remount Root and Kernel File Systems.
[[0;32m  OK  [0m] Started Set console keymap.
[[0;32m  OK  [0m] Started Uncomplicated firewall.
[[0;32m  OK  [0m] Started Load Kernel Modules.
[[0;32m  OK  [0m] Started Nameserver information manager.
[[0;32m  OK  [0m] Started LVM2 metadata daemon.
         Mounting FUSE Control File System...
         Starting Apply Kernel Variables...
         Starting Load/Save Random Seed...
         Starting udev Coldplug all Devices...
         Starting Initial cloud-init job (pre-networking)...
         Starting Create Static Device Nodes in /dev...
         Starting Flush Journal to Persistent Storage...
[[0;32m  OK  [0m] Mounted FUSE Control File System.
[[0;32m  OK  [0m] Started Monitoring of LVM2 mirrors,...ng dmeventd or progress polling.
[[0;32m  OK  [0m] Started Apply Kernel Variables.
[[0;32m  OK  [0m] Started Load/Save Random Seed.
[[0;32m  OK  [0m] Started Create Static Device Nodes in /dev.
[[0;32m  OK  [0m] Started udev Coldplug all Devices.
[[0;32m  OK  [0m] Started Flush Journal to Persistent Storage.
         Starting udev Kernel Device Manager...
[[0;32m  OK  [0m] Started udev Kernel Device Manager.
[[0;32m  OK  [0m] Started Dispatch Password Requests to Console Directory Watch.
[[0;32m  OK  [0m] Reached target Local File Systems (Pre).
[[0;32m  OK  [0m] Reached target Local File Systems.
         Starting Tell Plymouth To Write Out Runtime Data...
         Starting Create Volatile Files and Directories...
         Starting Set console font and keymap...
         Starting LSB: AppArmor initialization...
[[0;32m  OK  [0m] Started Tell Plymouth To Write Out Runtime Data.
[[0;32m  OK  [0m] Started Create Volatile Files and Directories.
[[0;32m  OK  [0m] Found device /dev/ttyS0.
[[0;32m  OK  [0m] Reached target System Time Synchronized.
         Starting Update UTMP about System Boot/Shutdown...
[[0;32m  OK  [0m] Started LSB: AppArmor initialization.
[[0;32m  OK  [0m] Listening on Load/Save RF Kill Switch Status /dev/rfkill Watch.
[[0;32m  OK  [0m] Started Update UTMP about System Boot/Shutdown.
[   18.072305] cloud-init[455]: Cloud-init v. 0.7.9 running 'init-local' at Sun, 09 Sep 2018 20:49:13 +0000. Up 17.51 seconds.
[[0;32m  OK  [0m] Started Initial cloud-init job (pre-networking).
[[0;32m  OK  [0m] Reached target Network (Pre).
[[0;32m  OK  [0m] Started ifup for enp0s3.
         Starting Raise network interfaces...
[[0;32m  OK  [0m] Started ifup for enp0s8.
[[0;32m  OK  [0m] Started Set console font and keymap.
[[0;32m  OK  [0m] Found device 82540EM Gigabit Ethern...r (PRO/1000 MT Desktop Adapter).
[[0;32m  OK  [0m] Found device 82540EM Gigabit Ethern...r (PRO/1000 MT Desktop Adapter).
[[0;32m  OK  [0m] Created slice system-getty.slice.
[[0;32m  OK  [0m] Started Raise network interfaces.
         Starting Initial cloud-init job (metadata service crawler)...
[[0;32m  OK  [0m] Reached target Network.
[   19.672939] cloud-init[1046]: Cloud-init v. 0.7.9 running 'init' at Sun, 09 Sep 2018 20:49:15 +0000. Up 19.39 seconds.
[   19.784741] [cloud-init[0;32m  OK  [0m[1046]: ] ci-info: ++++++++++++++++++++++++++++++++++++++Net device info++++++++++++++++++++++++++++++++++++++Started Initial cloud-init job (metadata service crawler).

[   19.785290] cloud-init[1046]: ci-info: +--------+------+-----------------------------+---------------+-------+-------------------+
[   20.080655] [cloud-init[0;32m  OK  [0m[1046]: ] ci-info: | Device |  Up  |           Address           |      Mask     | Scope |     Hw-Address    |Reached target Cloud-config availability.

[   20.269026] [cloud-init[0;32m  OK  [0m[1046]: ] ci-info: +--------+------+-----------------------------+---------------+-------+-------------------+Reached target System Initialization.

[   20.404652]          cloud-initStarting LXD - unix socket.[1046]: 
ci-info: |   lo   | True |          127.0.0.1          |   255.0.0.0   |   .   |         .         |
[   20.506694] cloud-init[1046]: ci-info: |   lo   | True |           ::1/128           |       .       |  host |         .         |
[[0;32m  OK  [0m] Listening on UUID daemon activation socket.
         Starting Socket activation for snappy daemon.
[   20.508216] cloud-init[1046]: ci-info: | enp0s3 | True |          10.0.2.15          | 255.255.255.0 |   .   | 02:83:83:b5:95:8f |
[   20.833363] [cloud-init[0;32m  OK  [0m[1046]: ] ci-info: | enp0s3 | True |  fe80::83:83ff:feb5:958f/64 |       .       |  link | 02:83:83:b5:95:8f |Started Daily apt activities.

[[0;32m  OK  [0m] Started Daily Cleanup of Temporary Directories.
[[0;32m  OK  [0m] Listening on ACPID Listen Socket.
[   20.834520] cloud-init[1046]: ci-info: | enp0s8 | True |         172.28.128.4        | 255.255.255.0 |   .   | 08:00:27:dc:90:8d |
[[0;32m  OK  [0m] Listening on D-Bus System Message Bus Socket.
[   21.216912] cloud-init[1046]: ci-info: | enp0s8 | True | fe80::a00:27ff:fedc:908d/64 |       .       |  link | 08:00:27:dc:90:8d |
[   21.408689] [cloud-init[0;32m  OK  [0m[1046]: ] ci-info: +--------+------+-----------------------------+---------------+-------+-------------------+Started ACPI Events Check.

[   21.410049] [cloud-init[0;32m  OK  [0m[1046]: ] ci-info: ++++++++++++++++++++++++++++Route IPv4 info++++++++++++++++++++++++++++Reached target Paths.

[[0;32m  OK  [0m] Started Timer to automatically refresh installed snaps.
[[0;32m  OK  [0m] Reached target Timers.
[   21.648995] cloud-init[1046]: ci-info: +-------+--------------+----------+---------------+-----------+-------+
[[0;32m  OK  [0m] Reached target Network is Online.
[   21.848993] cloud-init[1046]: ci-info: | Route | Destination  | Gateway  |    Genmask    | Interface | Flags |
[   22.008570]          cloud-initStarting iSCSI initiator daemon (iscsid)...[1046]: 
ci-info: +-------+--------------+----------+---------------+-----------+-------+
[   22.148956] [cloud-init[0;32m  OK  [0m[1046]: ] ci-info: |   0   |   0.0.0.0    | 10.0.2.2 |    0.0.0.0    |   enp0s3  |   UG  |Listening on LXD - unix socket.

[   22.265059] [cloud-init[0;32m  OK  [0m[1046]: ] ci-info: |   1   |   10.0.2.0   | 0.0.0.0  | 255.255.255.0 |   enp0s3  |   U   |Listening on Socket activation for snappy daemon.

[   22.266369] cloud-init[1046]: ci-info: |   2   | 172.28.128.0 | 0.0.0.0  | 255.255.255.0 |   enp0s8  |   U   |
[   22.441142] cloud-init[1046]: ci-info: +-------+--------------+----------+---------------+-----------+-------+
[[0;32m  OK  [0m] Started iSCSI initiator daemon (iscsid).
         Starting Login to default iSCSI targets...
[[0;32m  OK  [0m] Reached target Sockets.
[[0;32m  OK  [0m] Reached target Basic System.
         Starting /etc/rc.local Compatibility...
[[0;32m  OK  [0m] Started FUSE filesystem for LXC.
[[0;32m  OK  [0m] Started Regular background program processing daemon.
[[0;32m  OK  [0m] Started Deferred execution scheduler.
         Starting Apply the settings specified in cloud-config...
         Starting Accounts Service...
         Starting Login Service...
         Starting LXD - container startup/shutdown...
         Starting System Logging Service...
[[0;32m  OK  [0m] Started D-Bus System Message Bus.
[[0;32m  OK  [0m] Started ACPI event daemon.
         Starting LSB: MD monitoring daemon...
         Starting LSB: Record successful boot for GRUB...
         Starting OpenBSD Secure Shell server...
[[0;32m  OK  [0m] Started Snappy daemon.
         Starting Auto import assertions from block devices...
[[0;32m  OK  [0m] Started Unattended Upgrades Shutdown.
[[0;32m  OK  [0m] Started System Logging Service.
[[0;32m  OK  [0m] Started OpenBSD Secure Shell server.
[   23.645395] cloud-init[1117]: Cloud-init v. 0.7.9 running 'modules:config' at Sun, 09 Sep 2018 20:49:19 +0000. Up 23.46 seconds.
[[0;32m  OK  [0m] Started /etc/rc.local Compatibility.
[[0;32m  OK  [0m] Started Apply the settings specified in cloud-config.
[[0;32m  OK  [0m] Started LXD - container startup/shutdown.
[[0;32m  OK  [0m] Started Auto import assertions from block devices.
[[0;32m  OK  [0m] Started Login to default iSCSI targets.
[[0;32m  OK  [0m] Started LSB: Record successful boot for GRUB.
[[0;32m  OK  [0m] Started LSB: MD monitoring daemon.
[[0;32m  OK  [0m] Started Login Service.
         Starting Authenticate and Authorize Users to Run Privileged Tasks...
[[0;32m  OK  [0m] Reached target Remote File Systems (Pre).
[[0;32m  OK  [0m] Reached target Remote File Systems.
         Starting LSB: daemon to balance interrupts for SMP systems...
         Starting Permit User Sessions...
         Starting LSB: VirtualBox Linux Additions...
         Starting LSB: automatic crash report generation...
         Starting LSB: Set the CPU Frequency Scaling governor to "ondemand"...
[[0;32m  OK  [0m] Started Permit User Sessions.
[[0;32m  OK  [0m] Started Authenticate and Authorize Users to Run Privileged Tasks.
[[0;32m  OK  [0m] Started Accounts Service.
[[0;32m  OK  [0m] Started LSB: daemon to balance interrupts for SMP systems.
[[0;32m  OK  [0m] Created slice User Slice of ubuntu.
[[0;32m  OK  [0m] Started Session 1 of user ubuntu.
         Starting User Manager for UID 1000...
         Starting Terminate Plymouth Boot Screen...
         Starting Hold until boot process finishes up...
[[0;32m  OK  [0m] Started User Manager for UID 1000.
[[0;32m  OK  [0m] Started LSB: VirtualBox Linux Additions.
[[0;32m  OK  [0m] Started LSB: automatic crash report generation.
[[0;32m  OK  [0m] Started LSB: Set the CPU Frequency Scaling governor to "ondemand".
[[0;32m  OK  [0m] Started Terminate Plymouth Boot Screen.
[[0;32m  OK  [0m] Started Hold until boot process finishes up.
[[0;32m  OK  [0m] Started Getty on tty1.
[[0;32m  OK  [0m] Started Serial Getty on ttyS0.
[[0;32m  OK  [0m] Reached target Login Prompts.
         Starting Set console scheme...
[[0;32m  OK  [0m] Reached target Multi-User System.
[[0;32m  OK  [0m] Reached target Graphical Interface.
         Starting Update UTMP about System Runlevel Changes...
         Starting Execute cloud user/final scripts...
[[0;32m  OK  [0m] Started Set console scheme.
[[0;32m  OK  [0m] Started Update UTMP about System Runlevel Changes.
[   26.169320] cloud-init[1289]: Cloud-init v. 0.7.9 running 'modules:final' at Sun, 09 Sep 2018 20:49:21 +0000. Up 26.03 seconds.
[   26.265585] [cloud-init[0;32m  OK  [0m[1289]: ] Cloud-init v. 0.7.9 finished at Sun, 09 Sep 2018 20:49:21 +0000. Datasource DataSourceNoCloud [seed=/dev/sdb][dsmode=net].  Up 26.16 secondsStarted Execute cloud user/final scripts.

[[0;32m  OK  [0m] Reached target Cloud-init target.

Ubuntu 16.04.2 LTS ubuntu-xenial ttyS0

ubuntu-xenial login: 